#
# There is insufficient memory for the Java Runtime Environment to continue.
# Native memory allocation (mmap) failed to map 671088640 bytes. Error detail: G1 virtual space
# Possible reasons:
#   The system is out of physical RAM or swap space
#   This process is running with CompressedOops enabled, and the Java Heap may be blocking the growth of the native heap
# Possible solutions:
#   Reduce memory load on the system
#   Increase physical memory or swap space
#   Check if swap backing store is full
#   Decrease Java heap size (-Xmx/-Xms)
#   Decrease number of Java threads
#   Decrease Java thread stack sizes (-Xss)
#   Set larger code cache with -XX:ReservedCodeCacheSize=
#   JVM is running with Zero Based Compressed Oops mode in which the Java heap is
#     placed in the first 32GB address space. The Java Heap base address is the
#     maximum limit for the native heap growth. Please use -XX:HeapBaseMinAddress
#     to set the Java Heap base and to place the Java Heap above 32GB virtual address.
# This output file may be truncated or incomplete.
#
#  Out of Memory Error (os_windows.cpp:3703), pid=27368, tid=192
#
# JRE version:  (23.0.1+11) (build )
# Java VM: Java HotSpot(TM) 64-Bit Server VM (23.0.1+11-39, mixed mode, sharing, tiered, compressed oops, compressed class ptrs, g1 gc, windows-amd64)
# No core dump will be written. Minidumps are not enabled by default on client versions of Windows
#

---------------  S U M M A R Y ------------

Command Line: -Dfile.encoding=UTF-8 --module-path=G:\Sheeraz Documents\Study Materials\Java\Java Project\Quiz Application\build\classes quiz.application.Login

Host: Intel(R) Core(TM) i7-10700K CPU @ 3.80GHz, 16 cores, 39G,  Windows 10 , 64 bit Build 19041 (10.0.19041.5198)
Time: Sun Jan 12 20:34:47 2025 Pakistan Standard Time elapsed time: 0.008955 seconds (0d 0h 0m 0s)

---------------  T H R E A D  ---------------

Current thread (0x0000021fe1aacc90):  JavaThread "Unknown thread" [_thread_in_vm, id=192, stack(0x000000c6a6300000,0x000000c6a6400000) (1024K)]

Stack: [0x000000c6a6300000,0x000000c6a6400000]
Native frames: (J=compiled Java code, j=interpreted, Vv=VM code, C=native code)
V  [jvm.dll+0x6e08b9]  (no source info available)
V  [jvm.dll+0x87dc83]  (no source info available)
V  [jvm.dll+0x88010e]  (no source info available)
V  [jvm.dll+0x8807e3]  (no source info available)
V  [jvm.dll+0x27aee6]  (no source info available)
V  [jvm.dll+0x6dd1c5]  (no source info available)
V  [jvm.dll+0x6d104a]  (no source info available)
V  [jvm.dll+0x35b3ea]  (no source info available)
V  [jvm.dll+0x3637f6]  (no source info available)
V  [jvm.dll+0x34fd5e]  (no source info available)
V  [jvm.dll+0x34fff8]  (no source info available)
V  [jvm.dll+0x3289cc]  (no source info available)
V  [jvm.dll+0x32966e]  (no source info available)
V  [jvm.dll+0x844355]  (no source info available)
V  [jvm.dll+0x3b9848]  (no source info available)
V  [jvm.dll+0x82d14c]  (no source info available)
V  [jvm.dll+0x454d4e]  (no source info available)
V  [jvm.dll+0x456bd1]  (no source info available)
C  [jli.dll+0x52a3]  (no source info available)
C  [ucrtbase.dll+0x21bb2]  (no source info available)
C  [KERNEL32.DLL+0x17374]  (no source info available)
C  [ntdll.dll+0x4cc91]  (no source info available)

Lock stack of current Java thread (top to bottom):


---------------  P R O C E S S  ---------------

Threads class SMR info:
_java_thread_list=0x00007ff980d83618, length=0, elements={
}

Java Threads: ( => current thread )
Total: 0

Other Threads:
  0x0000021fe3e2a950 WorkerThread "GC Thread#0"                     [id=23476, stack(0x000000c6a6400000,0x000000c6a6500000) (1024K)]
  0x0000021fe3e38860 ConcurrentGCThread "G1 Main Marker"            [id=27632, stack(0x000000c6a6500000,0x000000c6a6600000) (1024K)]
  0x0000021fe3e39420 WorkerThread "G1 Conc#0"                       [id=6544, stack(0x000000c6a6600000,0x000000c6a6700000) (1024K)]

[error occurred during error reporting (printing all threads), id 0xc0000005, EXCEPTION_ACCESS_VIOLATION (0xc0000005) at pc=0x00007ff9804cbfba]
VM state: not at safepoint (not fully initialized)

VM Mutex/Monitor currently owned by a thread:  ([mutex/lock_event])
[0x00007ff980e03a10] Heap_lock - owner thread: 0x0000021fe1aacc90

Heap address: 0x0000000581000000, size: 10224 MB, Compressed Oops mode: Zero based, Oop shift amount: 3

CDS archive(s) mapped at: [0x0000000000000000-0x0000000000000000-0x0000000000000000), size 0, SharedBaseAddress: 0x0000000800000000, ArchiveRelocationMode: 1.
Narrow klass base: 0x0000000000000000, Narrow klass shift: 0, Narrow klass range: 0x0

GC Precious Log:
 CardTable entry size: 512
 Card Set container configuration: InlinePtr #cards 4 size 8 Array Of Cards #cards 64 size 144 Howl #buckets 8 coarsen threshold 14745 Howl Bitmap #cards 2048 size 272 coarsen threshold 1843 Card regions per heap region 1 cards per card region 16384

Heap:
 garbage-first heap   total reserved 10469376K, committed 0K, used 0K [0x0000000581000000, 0x0000000800000000)
  region size 8192K, 0 young (0K), 0 survivors (0K)

[error occurred during error reporting (printing heap information), id 0xc0000005, EXCEPTION_ACCESS_VIOLATION (0xc0000005) at pc=0x00007ff9808cc3c9]
GC Heap History (0 events):
No events

Dll operation events (1 events):
Event: 0.007 Loaded shared library C:\Program Files\Java\jdk-23\bin\java.dll

Deoptimization events (0 events):
No events

Classes loaded (0 events):
No events

Classes unloaded (0 events):
No events

Classes redefined (0 events):
No events

Internal exceptions (0 events):
No events

VM Operations (0 events):
No events

Memory protections (0 events):
No events

Nmethod flushes (0 events):
No events

Events (0 events):
No events


Dynamic libraries:
0x00007ff6e24e0000 - 0x00007ff6e24f0000 	C:\Program Files\Java\jdk-23\bin\java.exe
0x00007ffa02990000 - 0x00007ffa02b88000 	C:\Windows\SYSTEM32\ntdll.dll
0x00007ffa025b0000 - 0x00007ffa02672000 	C:\Windows\System32\KERNEL32.DLL
0x00007ffa00380000 - 0x00007ffa0067e000 	C:\Windows\System32\KERNELBASE.dll
0x00007ffa00280000 - 0x00007ffa00380000 	C:\Windows\System32\ucrtbase.dll
0x00007ff9f5c50000 - 0x00007ff9f5c6b000 	C:\Program Files\Java\jdk-23\bin\VCRUNTIME140.dll
0x00007ff9fce30000 - 0x00007ff9fce47000 	C:\Program Files\Java\jdk-23\bin\jli.dll
0x00007ffa02710000 - 0x00007ffa028ad000 	C:\Windows\System32\USER32.dll
0x00007ff9f6bf0000 - 0x00007ff9f6e8a000 	C:\Windows\WinSxS\amd64_microsoft.windows.common-controls_6595b64144ccf1df_6.0.19041.4355_none_60b8b9eb71f62e16\COMCTL32.dll
0x00007ffa00250000 - 0x00007ffa00272000 	C:\Windows\System32\win32u.dll
0x00007ffa02400000 - 0x00007ffa0249e000 	C:\Windows\System32\msvcrt.dll
0x00007ffa00e30000 - 0x00007ffa00e5b000 	C:\Windows\System32\GDI32.dll
0x00007ffa00080000 - 0x00007ffa00197000 	C:\Windows\System32\gdi32full.dll
0x00007ffa00910000 - 0x00007ffa009ad000 	C:\Windows\System32\msvcp_win.dll
0x00007ffa028b0000 - 0x00007ffa028df000 	C:\Windows\System32\IMM32.DLL
0x00007ff9f5c40000 - 0x00007ff9f5c4c000 	C:\Program Files\Java\jdk-23\bin\vcruntime140_1.dll
0x00007ff9bc660000 - 0x00007ff9bc6ee000 	C:\Program Files\Java\jdk-23\bin\msvcp140.dll
0x00007ff980190000 - 0x00007ff980edf000 	C:\Program Files\Java\jdk-23\bin\server\jvm.dll
0x00007ffa02130000 - 0x00007ffa021e1000 	C:\Windows\System32\ADVAPI32.dll
0x00007ffa00e60000 - 0x00007ffa00eff000 	C:\Windows\System32\sechost.dll
0x00007ffa01110000 - 0x00007ffa01233000 	C:\Windows\System32\RPCRT4.dll
0x00007ffa008e0000 - 0x00007ffa00907000 	C:\Windows\System32\bcrypt.dll
0x00007ffa028e0000 - 0x00007ffa0294b000 	C:\Windows\System32\WS2_32.dll
0x00007ff9ff5c0000 - 0x00007ff9ff60b000 	C:\Windows\SYSTEM32\POWRPROF.dll
0x00007ff9f3fe0000 - 0x00007ff9f4007000 	C:\Windows\SYSTEM32\WINMM.dll
0x00007ff9f96a0000 - 0x00007ff9f96aa000 	C:\Windows\SYSTEM32\VERSION.dll
0x00007ff9ff430000 - 0x00007ff9ff442000 	C:\Windows\SYSTEM32\UMPDC.dll
0x00007ff9fded0000 - 0x00007ff9fdee2000 	C:\Windows\SYSTEM32\kernel.appcore.dll
0x00007ff9fcef0000 - 0x00007ff9fcefa000 	C:\Program Files\Java\jdk-23\bin\jimage.dll
0x00007ff9f36a0000 - 0x00007ff9f3884000 	C:\Windows\SYSTEM32\DBGHELP.DLL
0x00007ff9d7700000 - 0x00007ff9d7734000 	C:\Windows\SYSTEM32\dbgcore.DLL
0x00007ffa007e0000 - 0x00007ffa00862000 	C:\Windows\System32\bcryptPrimitives.dll
0x00007ff9de030000 - 0x00007ff9de04e000 	C:\Program Files\Java\jdk-23\bin\java.dll
0x00007ffa00f00000 - 0x00007ffa0102b000 	C:\Windows\System32\ole32.dll
0x00007ffa00ad0000 - 0x00007ffa00e23000 	C:\Windows\System32\combase.dll
0x00007ffa017e0000 - 0x00007ffa01f4d000 	C:\Windows\System32\SHELL32.dll

dbghelp: loaded successfully - version: 4.0.5 - missing functions: none
symbol engine: initialized successfully - sym options: 0x614 - pdb path: .;C:\Program Files\Java\jdk-23\bin;C:\Windows\SYSTEM32;C:\Windows\WinSxS\amd64_microsoft.windows.common-controls_6595b64144ccf1df_6.0.19041.4355_none_60b8b9eb71f62e16;C:\Program Files\Java\jdk-23\bin\server

VM Arguments:
jvm_args: -Dfile.encoding=UTF-8 --module-path=G:\Sheeraz Documents\Study Materials\Java\Java Project\Quiz Application\build\classes 
java_command: quiz.application.Login
java_class_path (initial): G:\Sheeraz Documents\Study Materials\Java\Java Project\Quiz Application\build\classes
Launcher Type: SUN_STANDARD

[Global flags]
     intx CICompilerCount                          = 12                                        {product} {ergonomic}
     uint ConcGCThreads                            = 3                                         {product} {ergonomic}
     uint G1ConcRefinementThreads                  = 13                                        {product} {ergonomic}
   size_t G1HeapRegionSize                         = 8388608                                   {product} {ergonomic}
   size_t InitialHeapSize                          = 671088640                                 {product} {ergonomic}
   size_t MarkStackSize                            = 4194304                                   {product} {ergonomic}
   size_t MarkStackSizeMax                         = 536870912                                 {product} {ergonomic}
   size_t MaxHeapSize                              = 10720641024                               {product} {ergonomic}
   size_t MinHeapDeltaBytes                        = 8388608                                   {product} {ergonomic}
   size_t MinHeapSize                              = 8388608                                   {product} {ergonomic}
    uintx NonNMethodCodeHeapSize                   = 7602176                                {pd product} {ergonomic}
    uintx NonProfiledCodeHeapSize                  = 122093568                              {pd product} {ergonomic}
    uintx ProfiledCodeHeapSize                     = 121962496                              {pd product} {ergonomic}
    uintx ReservedCodeCacheSize                    = 251658240                              {pd product} {ergonomic}
     bool SegmentedCodeCache                       = true                                      {product} {ergonomic}
   size_t SoftMaxHeapSize                          = 10720641024                            {manageable} {ergonomic}
     bool UseCompressedOops                        = true                           {product lp64_product} {ergonomic}
     bool UseG1GC                                  = true                                      {product} {ergonomic}
     bool UseLargePagesIndividualAllocation        = false                                  {pd product} {ergonomic}

Logging:
Log output configuration:
 #0: stdout all=warning uptime,level,tags foldmultilines=false
 #1: stderr all=off uptime,level,tags foldmultilines=false

Environment Variables:
PATH=C:\Program Files\Common Files\Oracle\Java\javapath;C:\Program Files (x86)\Common Files\Intel\Shared Libraries\redist\intel64\compiler;C:\Program Files (x86)\Common Files\Oracle\Java\java8path;C:\Program Files (x86)\Common Files\Oracle\Java\javapath;C:\Windows\system32;C:\Windows;C:\Windows\System32\Wbem;C:\Windows\System32\WindowsPowerShell\v1.0\;C:\Windows\System32\OpenSSH\;C:\Program Files (x86)\NVIDIA Corporation\PhysX\Common;C:\Program Files\NVIDIA Corporation\NVIDIA app\NvDLISR;C:\Program Files\nodejs\;C:\Program Files\Git\cmd;C:\Users\SHEERAZ-PC\AppData\Local\Microsoft\WindowsApps;D:\Microsoft VS Code\bin;C:\Users\SHEERAZ-PC\AppData\Roaming\npm
USERNAME=SHEERAZ-PC
OS=Windows_NT
PROCESSOR_IDENTIFIER=Intel64 Family 6 Model 165 Stepping 5, GenuineIntel
TMP=C:\Users\SHEERA~1\AppData\Local\Temp
TEMP=C:\Users\SHEERA~1\AppData\Local\Temp




Periodic native trim disabled

---------------  S Y S T E M  ---------------

OS:
 Windows 10 , 64 bit Build 19041 (10.0.19041.5198)
OS uptime: 0 days 8:28 hours

CPU: total 16 (initial active 16) (8 cores per cpu, 2 threads per core) family 6 model 165 stepping 5 microcode 0xca, cx8, cmov, fxsr, ht, mmx, 3dnowpref, sse, sse2, sse3, ssse3, sse4.1, sse4.2, popcnt, lzcnt, tsc, tscinvbit, avx, avx2, aes, erms, clmul, bmi1, bmi2, adx, fma, vzeroupper, clflush, clflushopt, rdtscp, f16c, pku
Processor Information for the first 16 processors :
  Max Mhz: 3792, Current Mhz: 3792, Mhz Limit: 3792

Memory: 4k page, system-wide physical 40875M (20499M free)
TotalPageFile size 61033M (AvailPageFile size 185M)
current process WorkingSet (physical memory assigned to process): 11M, peak: 11M
current process commit charge ("private bytes"): 71M, peak: 710M

vm_info: Java HotSpot(TM) 64-Bit Server VM (23.0.1+11-39) for windows-amd64 JRE (23.0.1+11-39), built on 2024-09-30T07:20:43Z with MS VC++ 17.6 (VS2022)

END.
